[debug] [2025-04-03T18:33:12.151Z] ----------------------------------------------------------------------
[debug] [2025-04-03T18:33:12.159Z] Command:       C:\Program Files\nodejs\node.exe C:\Users\USER\AppData\Roaming\npm\node_modules\firebase-tools\lib\bin\firebase.js init
[debug] [2025-04-03T18:33:12.161Z] CLI Version:   14.1.0
[debug] [2025-04-03T18:33:12.161Z] Platform:      win32
[debug] [2025-04-03T18:33:12.161Z] Node Version:  v22.14.0
[debug] [2025-04-03T18:33:12.162Z] Time:          Fri Apr 04 2025 00:03:12 GMT+0530 (India Standard Time)
[debug] [2025-04-03T18:33:12.163Z] ----------------------------------------------------------------------
[debug] 
[debug] [2025-04-03T18:33:12.182Z] > command requires scopes: ["email","openid","https://www.googleapis.com/auth/cloudplatformprojects.readonly","https://www.googleapis.com/auth/firebase","https://www.googleapis.com/auth/cloud-platform"]
[debug] [2025-04-03T18:33:12.183Z] > authorizing via signed-in user (firebase1604@gmail.com)
[info] 
     ######## #### ########  ######## ########     ###     ######  ########
     ##        ##  ##     ## ##       ##     ##  ##   ##  ##       ##
     ######    ##  ########  ######   ########  #########  ######  ######
     ##        ##  ##    ##  ##       ##     ## ##     ##       ## ##
     ##       #### ##     ## ######## ########  ##     ##  ######  ########

You're about to initialize a Firebase project in this directory:

  C:\Users\USER\Desktop\food donation 2\Food-Donation-master

[info] 
=== Project Setup
[info] 
[info] First, let's associate this project directory with a Firebase project.
[info] You can create multiple project aliases by running firebase use --add, 
[info] but for now we'll just set up a default project.
[info] 
[debug] [2025-04-03T18:33:39.524Z] Checked if tokens are valid: true, expires at: 1743708769975
[debug] [2025-04-03T18:33:39.525Z] Checked if tokens are valid: true, expires at: 1743708769975
[debug] [2025-04-03T18:33:39.528Z] >>> [apiv2][query] GET https://firebase.googleapis.com/v1beta1/projects pageSize=100
[debug] [2025-04-03T18:33:40.912Z] <<< [apiv2][status] GET https://firebase.googleapis.com/v1beta1/projects 200
[debug] [2025-04-03T18:33:40.913Z] <<< [apiv2][body] GET https://firebase.googleapis.com/v1beta1/projects [omitted]
[info] i  Using project food-donation-35407 (Food Donation) 
[info] 
=== Dataconnect Setup
[debug] [2025-04-03T18:33:45.760Z] Checked if tokens are valid: true, expires at: 1743708769975
[debug] [2025-04-03T18:33:45.761Z] Checked if tokens are valid: true, expires at: 1743708769975
[debug] [2025-04-03T18:33:45.762Z] >>> [apiv2][query] GET https://cloudbilling.googleapis.com/v1/projects/food-donation-35407/billingInfo [none]
[debug] [2025-04-03T18:33:47.690Z] <<< [apiv2][status] GET https://cloudbilling.googleapis.com/v1/projects/food-donation-35407/billingInfo 200
[debug] [2025-04-03T18:33:47.691Z] <<< [apiv2][body] GET https://cloudbilling.googleapis.com/v1/projects/food-donation-35407/billingInfo {"name":"projects/food-donation-35407/billingInfo","projectId":"food-donation-35407","billingAccountName":"","billingEnabled":false}
[info] i  dataconnect: ensuring required API sqladmin.googleapis.com is enabled... 
[debug] [2025-04-03T18:33:47.697Z] Checked if tokens are valid: true, expires at: 1743708769975
[debug] [2025-04-03T18:33:47.698Z] Checked if tokens are valid: true, expires at: 1743708769975
[debug] [2025-04-03T18:33:47.699Z] >>> [apiv2][query] GET https://serviceusage.googleapis.com/v1/projects/food-donation-35407/services/sqladmin.googleapis.com [none]
[debug] [2025-04-03T18:33:47.699Z] >>> [apiv2][(partial)header] GET https://serviceusage.googleapis.com/v1/projects/food-donation-35407/services/sqladmin.googleapis.com x-goog-quota-user=projects/food-donation-35407
[debug] [2025-04-03T18:33:50.262Z] <<< [apiv2][status] GET https://serviceusage.googleapis.com/v1/projects/food-donation-35407/services/sqladmin.googleapis.com 200
[debug] [2025-04-03T18:33:50.263Z] <<< [apiv2][body] GET https://serviceusage.googleapis.com/v1/projects/food-donation-35407/services/sqladmin.googleapis.com [omitted]
[info] +  dataconnect: required API sqladmin.googleapis.com is enabled 
[info] +  Wrote dataconnect\dataconnect.yaml 
[info] +  Wrote dataconnect\schema\schema.gql 
[info] +  Wrote dataconnect\connector\connector.yaml 
[info] +  Wrote dataconnect\connector\queries.gql 
[info] +  Wrote dataconnect\connector\mutations.gql 
[info] +  Detected WEB app in directory C:\Users\USER\Desktop\food donation 2\Food-Donation-master 
[info] i  Writing your new SDK configuration to C:\Users\USER\Desktop\food donation 2\Food-Donation-master\dataconnect\connector/connector.yaml 
[info] +  Wrote dataconnect\connector\connector.yaml 
[info] i  dataconnect: downloading dataconnect-emulator-2.1.0.exe... {"metadata":{"emulator":{"name":"dataconnect"},"message":"downloading dataconnect-emulator-2.1.0.exe..."}}
[debug] [2025-04-03T18:34:18.237Z] >>> [apiv2][query] GET https://storage.googleapis.com/firemat-preview-drop/emulator/dataconnect-emulator-windows-v2.1.0 
[debug] [2025-04-03T18:34:19.219Z] <<< [apiv2][status] GET https://storage.googleapis.com/firemat-preview-drop/emulator/dataconnect-emulator-windows-v2.1.0 200
[debug] [2025-04-03T18:34:19.220Z] <<< [apiv2][body] GET https://storage.googleapis.com/firemat-preview-drop/emulator/dataconnect-emulator-windows-v2.1.0 [stream]
[debug] [2025-04-03T18:34:28.251Z] defaultcredentials: writing to file C:\Users\USER\AppData\Roaming\firebase\firebase1604_gmail_com_application_default_credentials.json
[debug] [2025-04-03T18:34:28.258Z] Setting GAC to C:\Users\USER\AppData\Roaming\firebase\firebase1604_gmail_com_application_default_credentials.json {"metadata":{"emulator":{"name":"dataconnect"},"message":"Setting GAC to C:\\Users\\USER\\AppData\\Roaming\\firebase\\firebase1604_gmail_com_application_default_credentials.json"}}
[info] I0404 00:04:29.557575    9056 codegen.go:82] [connector "default" javascriptSdk] Generating sources into "C:\\Users\\USER\\Desktop\\food donation 2\\Food-Donation-master\\dataconnect-generated\\js\\default-connector"
I0404 00:04:29.575053    9056 generate.go:40] Generated all sources. Writing them to disk...
I0404 00:04:29.682696    9056 collector.go:107] connector "default" javascriptSdk wrote into "C:\\Users\\USER\\Desktop\\food donation 2\\Food-Donation-master\\dataconnect-generated\\js\\default-connector"
Generated sources: react\README.md [5417B] esm\package.json [17B] react\index.cjs.js [0B] index.cjs.js [158B] package.json [860B] README.md [2774B] react\index.d.ts [228B] react\package.json [468B] react\esm\package.json [17B] index.d.ts [246B] esm\index.esm.js [123B] react\esm\index.esm.js [0B] 
I0404 00:04:29.761005    9056 installsdk.go:80] Running command: C:\Program Files\nodejs\npm.cmd install file:dataconnect-generated\js\default-connector

